<?xml version="1.0" encoding="UTF-8"?>
<!-- Generated by org.testng.reporters.JUnitReportReporter -->
<testsuite skipped="0" hostname="LAPTOP-BNJJGCK9" name="AutomationPractice.AssignmentDataDrivenTest" tests="1" failures="0" timestamp="2020-05-17T17:30:56 IST" time="121.946" errors="0">
  <testcase name="BookingFLow" time="121.946" classname="AutomationPractice.AssignmentDataDrivenTest"/>
  <system-out/>
</testsuite> <!-- AutomationPractice.AssignmentDataDrivenTest -->
